DEBUG 2025-05-16 10:52:59,555 views Room info accessed: Room ID=479
DEBUG 2025-05-16 10:53:30,078 views Form data: room_type=improved, room_number=, check_in=2025-05-26, check_out=2025-05-28
DEBUG 2025-05-16 10:53:30,093 views Available rooms for improved: [<Room: Номер 200 (improved)>, <Room: Номер 201 (improved)>, <Room: Номер 202 (improved)>, <Room: Номер 203 (improved)>, <Room: Номер 204 (improved)>, <Room: Номер 205 (improved)>, <Room: Номер 206 (improved)>, <Room: Номер 207 (improved)>, <Room: Номер 208 (improved)>, <Room: Номер 209 (improved)>, <Room: Номер 210 (improved)>, <Room: Номер 211 (improved)>, <Room: Номер 212 (improved)>, <Room: Номер 213 (improved)>, <Room: Номер 214 (improved)>, <Room: Номер 215 (improved)>, <Room: Номер 216 (improved)>, <Room: Номер 217 (improved)>, <Room: Номер 218 (improved)>, <Room: Номер 219 (improved)>, <Room: Номер 220 (improved)>, <Room: Номер 221 (improved)>, <Room: Номер 222 (improved)>, <Room: Номер 223 (improved)>, <Room: Номер 224 (improved)>, <Room: Номер 225 (improved)>, <Room: Номер 226 (improved)>, <Room: Номер 227 (improved)>, <Room: Номер 228 (improved)>, <Room: Номер 229 (improved)>, <Room: Номер 230 (improved)>, <Room: Номер 231 (improved)>, <Room: Номер 232 (improved)>, <Room: Номер 233 (improved)>, <Room: Номер 234 (improved)>, <Room: Номер 235 (improved)>]
INFO 2025-05-16 10:53:30,099 views Booking created: ID=5, Room=200, User=admin
DEBUG 2025-05-16 10:53:36,097 views Room info accessed: Room ID=510
INFO 2025-05-16 10:54:09,361 views Booking cancelled: ID=4, User=admin
DEBUG 2025-05-16 10:54:35,860 views Form data: room_type=presidential, room_number=, check_in=2025-05-23, check_out=2025-05-26
DEBUG 2025-05-16 10:54:35,866 views Available rooms for presidential: [<Room: Номер 400 (presidential)>, <Room: Номер 401 (presidential)>, <Room: Номер 402 (presidential)>, <Room: Номер 403 (presidential)>, <Room: Номер 404 (presidential)>, <Room: Номер 405 (presidential)>]
INFO 2025-05-16 10:54:35,872 views Booking created: ID=6, Room=400, User=admin
DEBUG 2025-05-16 10:54:45,526 views Room info accessed: Room ID=567
DEBUG 2025-05-16 10:58:15,130 views Room info accessed: Room ID=567
INFO 2025-05-16 10:58:36,229 views Booking confirmed: ID=6, Admin=admin
DEBUG 2025-05-16 10:58:45,833 views Room info accessed: Room ID=567
INFO 2025-05-16 11:02:54,660 views Review submitted: User=admin, Rating=2
DEBUG 2025-05-16 13:16:23,769 views Rooms displayed on room list: [<Room: Номер 100 (standard)>, <Room: Номер 200 (improved)>, <Room: Номер 300 (lux)>, <Room: Номер 400 (presidential)>]
DEBUG 2025-05-16 13:16:26,689 views Room info accessed: Room ID=459
DEBUG 2025-05-16 13:17:01,698 views Form data: room_type=lux, room_number=, check_in=2025-05-21, check_out=2025-05-22
DEBUG 2025-05-16 13:17:01,708 views Available rooms for lux: [<Room: Номер 300 (lux)>, <Room: Номер 301 (lux)>, <Room: Номер 302 (lux)>, <Room: Номер 303 (lux)>, <Room: Номер 304 (lux)>, <Room: Номер 305 (lux)>, <Room: Номер 306 (lux)>, <Room: Номер 307 (lux)>, <Room: Номер 308 (lux)>, <Room: Номер 309 (lux)>, <Room: Номер 310 (lux)>, <Room: Номер 311 (lux)>, <Room: Номер 312 (lux)>, <Room: Номер 313 (lux)>, <Room: Номер 314 (lux)>, <Room: Номер 315 (lux)>, <Room: Номер 316 (lux)>, <Room: Номер 317 (lux)>, <Room: Номер 318 (lux)>, <Room: Номер 319 (lux)>, <Room: Номер 320 (lux)>]
INFO 2025-05-16 13:17:01,713 views Booking created: ID=7, Room=300, User=admin
DEBUG 2025-05-16 13:17:41,353 views Room info accessed: Room ID=546
INFO 2025-05-16 13:17:44,493 views Booking cancelled: ID=7, User=admin
DEBUG 2025-05-16 13:55:52,161 views Rooms displayed on room list: [<Room: Номер 100 (standard)>, <Room: Номер 200 (improved)>, <Room: Номер 300 (lux)>, <Room: Номер 400 (presidential)>]
DEBUG 2025-05-16 13:58:47,131 views Room info accessed: Room ID=567
DEBUG 2025-05-16 14:02:42,939 views Rooms displayed on room list: [<Room: Номер 100 (standard)>, <Room: Номер 200 (improved)>, <Room: Номер 300 (lux)>, <Room: Номер 400 (presidential)>]
DEBUG 2025-05-16 14:04:14,630 views Rooms displayed on room list: [<Room: Номер 100 (standard)>, <Room: Номер 200 (improved)>, <Room: Номер 300 (lux)>, <Room: Номер 400 (presidential)>]
DEBUG 2025-05-16 14:04:15,571 views Room info accessed: Room ID=459
DEBUG 2025-05-16 14:04:23,261 views Room info accessed: Room ID=459
DEBUG 2025-05-16 16:00:35,617 views Rooms displayed on room list: [<Room: Номер 100 (standard)>, <Room: Номер 200 (improved)>, <Room: Номер 300 (lux)>, <Room: Номер 400 (presidential)>]
DEBUG 2025-05-16 16:02:13,941 views Rooms displayed on room list: [<Room: Номер 100 (standard)>, <Room: Номер 200 (improved)>, <Room: Номер 300 (lux)>, <Room: Номер 400 (presidential)>]
DEBUG 2025-05-16 16:08:52,023 views Rooms displayed on room list: [<Room: Номер 100 (standard)>, <Room: Номер 200 (improved)>, <Room: Номер 300 (lux)>, <Room: Номер 400 (presidential)>]
DEBUG 2025-05-16 16:12:51,356 views Rooms displayed on room list: [<Room: Номер 100 (standard)>, <Room: Номер 200 (improved)>, <Room: Номер 300 (lux)>, <Room: Номер 400 (presidential)>]
DEBUG 2025-05-16 16:12:52,463 views Room info accessed: Room ID=459
DEBUG 2025-05-16 16:12:54,331 views Room info accessed: Room ID=459
DEBUG 2025-05-16 16:12:54,804 views Room info accessed: Room ID=459
DEBUG 2025-05-16 16:12:57,489 views Rooms displayed on room list: [<Room: Номер 100 (standard)>, <Room: Номер 200 (improved)>, <Room: Номер 300 (lux)>, <Room: Номер 400 (presidential)>]
DEBUG 2025-05-16 16:17:47,268 views Rooms displayed on room list: [<Room: Номер 100 (standard)>, <Room: Номер 200 (improved)>, <Room: Номер 300 (lux)>, <Room: Номер 400 (presidential)>]
INFO 2025-05-16 16:19:30,578 views User timur2006@gmail.com registered and logged in.
DEBUG 2025-05-16 16:19:33,437 views Rooms displayed on room list: [<Room: Номер 100 (standard)>, <Room: Номер 200 (improved)>, <Room: Номер 300 (lux)>, <Room: Номер 400 (presidential)>]
WARNING 2025-05-16 16:26:24,915 views Failed login attempt: <ul class="errorlist"><li>username<ul class="errorlist"><li>Обязательное поле.</li></ul></li></ul>
INFO 2025-05-16 16:26:50,487 views User nurislamfigma@gmail.com logged in.
INFO 2025-05-16 16:27:59,377 views User timur2006@gmail.com logged in.
WARNING 2025-05-16 16:28:20,951 views Failed login attempt: <ul class="errorlist"><li>__all__<ul class="errorlist nonfield"><li>Неправильный email или пароль.</li></ul></li></ul>
WARNING 2025-05-16 16:28:26,367 views Failed login attempt: <ul class="errorlist"><li>__all__<ul class="errorlist nonfield"><li>Неправильный email или пароль.</li></ul></li></ul>
WARNING 2025-05-16 16:28:31,626 views Failed login attempt: <ul class="errorlist"><li>__all__<ul class="errorlist nonfield"><li>Неправильный email или пароль.</li></ul></li></ul>
INFO 2025-05-16 16:28:34,679 views User timur2006@gmail.com logged in.
INFO 2025-05-16 16:29:06,042 views User saintimur03@gmail.com registered and logged in.
WARNING 2025-05-16 16:29:25,929 views Failed login attempt: <ul class="errorlist"><li>__all__<ul class="errorlist nonfield"><li>Неправильный email или пароль.</li></ul></li></ul>
INFO 2025-05-16 16:29:29,375 views User saintimur03@gmail.com logged in.
DEBUG 2025-05-16 16:29:42,650 views Rooms displayed on room list: [<Room: Номер 100 (standard)>, <Room: Номер 200 (improved)>, <Room: Номер 300 (lux)>, <Room: Номер 400 (presidential)>]
DEBUG 2025-05-16 16:29:56,015 views Rooms displayed on room list: [<Room: Номер 100 (standard)>, <Room: Номер 200 (improved)>, <Room: Номер 300 (lux)>, <Room: Номер 400 (presidential)>]
DEBUG 2025-05-16 16:30:09,710 views Form data: room_type=presidential, room_number=, check_in=2025-05-17, check_out=2025-05-20
DEBUG 2025-05-16 16:30:09,715 views Available rooms for presidential: [<Room: Номер 400 (presidential)>, <Room: Номер 401 (presidential)>, <Room: Номер 402 (presidential)>, <Room: Номер 403 (presidential)>, <Room: Номер 404 (presidential)>, <Room: Номер 405 (presidential)>]
INFO 2025-05-16 16:30:09,728 views Booking created: ID=8, Room=400, User=saintimur03@gmail.com
DEBUG 2025-05-16 16:30:13,188 views Rooms displayed on room list: [<Room: Номер 100 (standard)>, <Room: Номер 200 (improved)>, <Room: Номер 300 (lux)>, <Room: Номер 400 (presidential)>]
DEBUG 2025-05-16 16:30:23,838 views Rooms displayed on room list: [<Room: Номер 100 (standard)>, <Room: Номер 200 (improved)>, <Room: Номер 300 (lux)>, <Room: Номер 400 (presidential)>]
DEBUG 2025-05-16 16:30:27,473 views Room info accessed: Room ID=567
INFO 2025-05-16 16:30:55,291 views User nurislamfigma@gmail.com logged in.
DEBUG 2025-05-16 16:31:03,006 views Rooms displayed on room list: [<Room: Номер 100 (standard)>, <Room: Номер 200 (improved)>, <Room: Номер 300 (lux)>, <Room: Номер 400 (presidential)>]
DEBUG 2025-05-16 16:36:16,670 views Rooms displayed on room list: [<Room: Номер 100 (standard)>, <Room: Номер 200 (improved)>, <Room: Номер 300 (lux)>, <Room: Номер 400 (presidential)>]
DEBUG 2025-05-16 16:36:19,778 views Rooms displayed on room list: [<Room: Номер 100 (standard)>, <Room: Номер 200 (improved)>, <Room: Номер 300 (lux)>, <Room: Номер 400 (presidential)>]
DEBUG 2025-05-16 16:36:31,198 views Room info accessed: Room ID=459
WARNING 2025-05-16 16:37:22,662 views Form validation failed: <ul class="errorlist"><li>__all__<ul class="errorlist nonfield"><li>Дата заезда должна быть раньше даты выезда.</li><li>Дата заезда должна быть раньше даты выезда.</li></ul></li></ul>
DEBUG 2025-05-16 17:31:53,588 views Rooms displayed on room list: [<Room: Номер 100 (standard)>, <Room: Номер 200 (improved)>, <Room: Номер 300 (lux)>, <Room: Номер 400 (presidential)>]
DEBUG 2025-05-16 17:32:02,624 views Room info accessed: Room ID=459
DEBUG 2025-05-16 17:32:12,924 views Room info accessed: Room ID=546
WARNING 2025-05-16 17:32:42,602 views Form validation failed: <ul class="errorlist"><li>__all__<ul class="errorlist nonfield"><li>Дата заезда должна быть раньше даты выезда.</li><li>Дата заезда должна быть раньше даты выезда.</li></ul></li></ul>
DEBUG 2025-05-16 17:32:49,026 views Form data: room_type=improved, room_number=, check_in=2025-05-17, check_out=2025-05-20
DEBUG 2025-05-16 17:32:49,043 views Available rooms for improved: [<Room: Номер 200 (improved)>, <Room: Номер 201 (improved)>, <Room: Номер 202 (improved)>, <Room: Номер 203 (improved)>, <Room: Номер 204 (improved)>, <Room: Номер 205 (improved)>, <Room: Номер 206 (improved)>, <Room: Номер 207 (improved)>, <Room: Номер 208 (improved)>, <Room: Номер 209 (improved)>, <Room: Номер 210 (improved)>, <Room: Номер 211 (improved)>, <Room: Номер 212 (improved)>, <Room: Номер 213 (improved)>, <Room: Номер 214 (improved)>, <Room: Номер 215 (improved)>, <Room: Номер 216 (improved)>, <Room: Номер 217 (improved)>, <Room: Номер 218 (improved)>, <Room: Номер 219 (improved)>, <Room: Номер 220 (improved)>, <Room: Номер 221 (improved)>, <Room: Номер 222 (improved)>, <Room: Номер 223 (improved)>, <Room: Номер 224 (improved)>, <Room: Номер 225 (improved)>, <Room: Номер 226 (improved)>, <Room: Номер 227 (improved)>, <Room: Номер 228 (improved)>, <Room: Номер 229 (improved)>, <Room: Номер 230 (improved)>, <Room: Номер 231 (improved)>, <Room: Номер 232 (improved)>, <Room: Номер 233 (improved)>, <Room: Номер 234 (improved)>, <Room: Номер 235 (improved)>]
INFO 2025-05-16 17:32:49,060 views Booking created: ID=9, Room=200, User=admin
INFO 2025-05-16 17:33:08,458 views Booking confirmed: ID=9, Admin=admin
INFO 2025-05-16 17:33:16,108 views Booking cancelled: ID=5, User=admin
DEBUG 2025-05-16 17:33:19,505 views Room info accessed: Room ID=510
INFO 2025-05-16 17:33:38,264 views Contact request submitted: Email=nurislamfigma@gmail.com
INFO 2025-05-16 17:34:28,840 views User sherhan@gmail.com registered and logged in.
DEBUG 2025-05-16 17:34:41,809 views Form data: room_type=improved, room_number=, check_in=2025-05-17, check_out=2025-05-23
DEBUG 2025-05-16 17:34:41,826 views Available rooms for improved: [<Room: Номер 201 (improved)>, <Room: Номер 202 (improved)>, <Room: Номер 203 (improved)>, <Room: Номер 204 (improved)>, <Room: Номер 205 (improved)>, <Room: Номер 206 (improved)>, <Room: Номер 207 (improved)>, <Room: Номер 208 (improved)>, <Room: Номер 209 (improved)>, <Room: Номер 210 (improved)>, <Room: Номер 211 (improved)>, <Room: Номер 212 (improved)>, <Room: Номер 213 (improved)>, <Room: Номер 214 (improved)>, <Room: Номер 215 (improved)>, <Room: Номер 216 (improved)>, <Room: Номер 217 (improved)>, <Room: Номер 218 (improved)>, <Room: Номер 219 (improved)>, <Room: Номер 220 (improved)>, <Room: Номер 221 (improved)>, <Room: Номер 222 (improved)>, <Room: Номер 223 (improved)>, <Room: Номер 224 (improved)>, <Room: Номер 225 (improved)>, <Room: Номер 226 (improved)>, <Room: Номер 227 (improved)>, <Room: Номер 228 (improved)>, <Room: Номер 229 (improved)>, <Room: Номер 230 (improved)>, <Room: Номер 231 (improved)>, <Room: Номер 232 (improved)>, <Room: Номер 233 (improved)>, <Room: Номер 234 (improved)>, <Room: Номер 235 (improved)>]
INFO 2025-05-16 17:34:41,833 views Booking created: ID=10, Room=201, User=sherhan@gmail.com
INFO 2025-05-16 17:35:07,190 views Booking confirmed: ID=10, Admin=admin
INFO 2025-05-16 17:35:40,147 views User nurislamfigma@gmail.com logged in.
DEBUG 2025-05-19 16:07:08,815 views Rooms displayed on room list: [<Room: Номер 100 (standard)>, <Room: Номер 200 (improved)>, <Room: Номер 300 (lux)>, <Room: Номер 400 (presidential)>]
DEBUG 2025-05-19 16:08:16,028 views Rooms displayed on room list: [<Room: Номер 100 (standard)>, <Room: Номер 200 (improved)>, <Room: Номер 300 (lux)>, <Room: Номер 400 (presidential)>]
DEBUG 2025-05-19 16:08:18,120 views Rooms displayed on room list: [<Room: Номер 100 (standard)>, <Room: Номер 200 (improved)>, <Room: Номер 300 (lux)>, <Room: Номер 400 (presidential)>]
DEBUG 2025-05-19 16:08:19,077 views Room info accessed: Room ID=459
WARNING 2025-05-19 16:15:35,090 views Failed registration attempt: <ul class="errorlist"><li>email<ul class="errorlist"><li>Введите правильный адрес электронной почты.</li></ul></li><li>password2<ul class="errorlist"><li>Введённый пароль слишком широко распространён.</li><li>Введённый пароль состоит только из цифр.</li></ul></li></ul>
WARNING 2025-05-19 16:16:08,082 views Failed registration attempt: <ul class="errorlist"><li>password2<ul class="errorlist"><li>Введённый пароль слишком широко распространён.</li><li>Введённый пароль состоит только из цифр.</li></ul></li></ul>
WARNING 2025-05-19 16:16:27,085 views Failed registration attempt: <ul class="errorlist"><li>password2<ul class="errorlist"><li>Введенные пароли не совпадают.</li></ul></li></ul>
WARNING 2025-05-19 16:20:51,577 views Failed registration attempt: <ul class="errorlist"><li>password2<ul class="errorlist"><li>Введённый пароль слишком короткий. Он должен содержать как минимум 8 символов.</li></ul></li></ul>
INFO 2025-05-19 16:21:13,956 views User thg2@gmail.com registered and logged in.
DEBUG 2025-05-19 16:21:25,780 views Rooms displayed on room list: [<Room: Номер 100 (standard)>, <Room: Номер 200 (improved)>, <Room: Номер 300 (lux)>, <Room: Номер 400 (presidential)>]
DEBUG 2025-05-19 16:28:14,887 views Rooms displayed on room list: [<Room: Номер 100 (standard)>, <Room: Номер 200 (improved)>, <Room: Номер 300 (lux)>, <Room: Номер 400 (presidential)>]
DEBUG 2025-05-19 16:28:29,489 views Rooms displayed on room list: [<Room: Номер 100 (standard)>, <Room: Номер 200 (improved)>, <Room: Номер 300 (lux)>, <Room: Номер 400 (presidential)>]
DEBUG 2025-05-19 16:28:32,061 views Room info accessed: Room ID=459
DEBUG 2025-05-19 16:29:09,133 views Rooms displayed on room list: [<Room: Номер 100 (standard)>, <Room: Номер 200 (improved)>, <Room: Номер 300 (lux)>, <Room: Номер 400 (presidential)>]
INFO 2025-05-19 16:30:16,084 views Review submitted: User=thg2@gmail.com, Rating=5
DEBUG 2025-05-19 16:30:56,253 views Rooms displayed on room list: [<Room: Номер 100 (standard)>, <Room: Номер 200 (improved)>, <Room: Номер 300 (lux)>, <Room: Номер 400 (presidential)>]
WARNING 2025-05-19 16:31:58,537 views Form validation failed: <ul class="errorlist"><li>__all__<ul class="errorlist nonfield"><li>Дата заезда должна быть раньше даты выезда.</li><li>Дата заезда должна быть раньше даты выезда.</li></ul></li></ul>
WARNING 2025-05-19 16:32:24,261 views Form validation failed: <ul class="errorlist"><li>__all__<ul class="errorlist nonfield"><li>Номер 222 для типа &#x27;standard&#x27; недоступен или не существует.</li></ul></li></ul>
WARNING 2025-05-19 16:32:26,309 views Form validation failed: <ul class="errorlist"><li>__all__<ul class="errorlist nonfield"><li>Слишком много гостей. Максимум 8 человек на номер. Пожалуйста, забронируйте 2 или более номера.</li></ul></li></ul>
DEBUG 2025-05-19 16:33:25,702 views Form data: room_type=presidential, room_number=402, check_in=2025-11-12, check_out=2025-12-13
INFO 2025-05-19 16:33:25,720 views Booking created: ID=11, Room=402, User=thg2@gmail.com
INFO 2025-05-19 16:36:01,033 views User nurislamfigma@gmail.com logged in.
INFO 2025-05-19 16:36:36,790 views User nurislamfigma@gmail.com logged in.
DEBUG 2025-05-19 16:36:51,082 views Rooms displayed on room list: [<Room: Номер 100 (standard)>, <Room: Номер 200 (improved)>, <Room: Номер 300 (lux)>, <Room: Номер 400 (presidential)>]
DEBUG 2025-05-19 16:37:06,172 views Rooms displayed on room list: [<Room: Номер 100 (standard)>, <Room: Номер 200 (improved)>, <Room: Номер 300 (lux)>, <Room: Номер 400 (presidential)>]
INFO 2025-05-19 16:38:47,169 views User nurislamfigma@gmail.com logged in.
DEBUG 2025-05-19 16:39:04,443 views Rooms displayed on room list: [<Room: Номер 100 (standard)>, <Room: Номер 200 (improved)>, <Room: Номер 300 (lux)>, <Room: Номер 400 (presidential)>]
DEBUG 2025-05-19 16:39:07,174 views Rooms displayed on room list: [<Room: Номер 100 (standard)>, <Room: Номер 200 (improved)>, <Room: Номер 300 (lux)>, <Room: Номер 400 (presidential)>]
INFO 2025-05-19 16:43:45,542 views Booking cancelled: ID=11, User=thg2@gmail.com
WARNING 2025-05-19 16:44:41,329 views Form validation failed: <ul class="errorlist"><li>__all__<ul class="errorlist nonfield"><li>Дата заезда должна быть раньше даты выезда.</li><li>Дата заезда должна быть раньше даты выезда.</li></ul></li></ul>
WARNING 2025-05-19 16:45:24,131 views Form validation failed: <ul class="errorlist"><li>__all__<ul class="errorlist nonfield"><li>Дата заезда должна быть раньше даты выезда.</li><li>Дата заезда должна быть раньше даты выезда.</li></ul></li></ul>
INFO 2025-05-19 16:46:50,571 views User thg2fff@gmail.com registered and logged in.
INFO 2025-05-19 16:47:36,676 views Contact request submitted: Email=thg2fff@gmail.com
INFO 2025-05-19 16:47:52,351 views Contact request submitted: Email=thg2fff@gmail.com
INFO 2025-05-19 16:48:14,475 views Review submitted: User=thg2fff@gmail.com, Rating=5
DEBUG 2025-05-19 16:49:38,018 views Rooms displayed on room list: [<Room: Номер 100 (standard)>, <Room: Номер 200 (improved)>, <Room: Номер 300 (lux)>, <Room: Номер 400 (presidential)>]
DEBUG 2025-05-19 16:49:47,151 views Rooms displayed on room list: [<Room: Номер 100 (standard)>, <Room: Номер 200 (improved)>, <Room: Номер 300 (lux)>, <Room: Номер 400 (presidential)>]
DEBUG 2025-05-19 16:51:41,368 views Rooms displayed on room list: [<Room: Номер 100 (standard)>, <Room: Номер 200 (improved)>, <Room: Номер 300 (lux)>, <Room: Номер 400 (presidential)>]
DEBUG 2025-05-19 16:52:38,906 views Rooms displayed on room list: [<Room: Номер 100 (standard)>, <Room: Номер 200 (improved)>, <Room: Номер 300 (lux)>, <Room: Номер 400 (presidential)>]
WARNING 2025-09-23 19:32:58,996 views Failed login attempt: <ul class="errorlist"><li>__all__<ul class="errorlist nonfield"><li>Неправильный email или пароль.</li></ul></li></ul>
WARNING 2025-09-23 19:33:13,863 views Failed registration attempt: <ul class="errorlist"><li>password2<ul class="errorlist" id="id_password2_error"><li>Введённый пароль слишком похож на адрес электронной почты.</li></ul></li></ul>
WARNING 2025-09-23 19:33:25,397 views Failed registration attempt: <ul class="errorlist"><li>password2<ul class="errorlist" id="id_password2_error"><li>Введённый пароль слишком широко распространён.</li></ul></li></ul>
INFO 2025-09-23 19:33:47,633 views User aidaho210306@gmail.com registered and logged in.
DEBUG 2025-09-23 19:33:56,796 views Rooms displayed on room list: [<Room: Номер 100 (standard)>, <Room: Номер 200 (improved)>, <Room: Номер 300 (lux)>, <Room: Номер 400 (presidential)>]
DEBUG 2025-09-23 19:34:00,074 views Room info accessed: Room ID=459
DEBUG 2025-09-23 19:34:03,484 views Rooms displayed on room list: [<Room: Номер 100 (standard)>, <Room: Номер 200 (improved)>, <Room: Номер 300 (lux)>, <Room: Номер 400 (presidential)>]
WARNING 2025-12-11 18:22:19,465 views Failed login attempt: <ul class="errorlist"><li>__all__<ul class="errorlist nonfield"><li>Неправильный email или пароль.</li></ul></li></ul>
WARNING 2025-12-11 18:25:47,279 views Failed registration attempt: <ul class="errorlist"><li>email<ul class="errorlist" id="id_email_error"><li>Пользователь с таким email уже существует.</li></ul></li><li>password2<ul class="errorlist" id="id_password2_error"><li>Введенные пароли не совпадают.</li></ul></li></ul>
WARNING 2025-12-11 18:26:00,662 views Failed registration attempt: <ul class="errorlist"><li>password2<ul class="errorlist" id="id_password2_error"><li>Введённый пароль слишком похож на адрес электронной почты.</li></ul></li></ul>
WARNING 2025-12-11 18:26:10,728 views Failed registration attempt: <ul class="errorlist"><li>password2<ul class="errorlist" id="id_password2_error"><li>Введённый пароль слишком широко распространён.</li></ul></li></ul>
INFO 2025-12-11 18:26:24,606 views User asassaasfigma11@gmail.com registered and logged in.
WARNING 2025-12-11 18:27:34,619 views Form validation failed: <ul class="errorlist"><li>__all__<ul class="errorlist nonfield"><li>Дата заезда должна быть раньше даты выезда.</li><li>Дата заезда должна быть раньше даты выезда.</li></ul></li></ul>
INFO 2025-12-11 18:29:02,003 views User asasas@gmail.com registered and logged in.
WARNING 2025-12-11 18:39:58,106 views Failed registration attempt: <ul class="errorlist"><li>email<ul class="errorlist" id="id_email_error"><li>Пользователь с таким email уже существует.</li></ul></li></ul>
INFO 2025-12-11 18:40:12,608 views User nurislamfigma1212112@gmail.com registered and logged in.
WARNING 2025-12-11 18:41:54,893 views Failed registration attempt: <ul class="errorlist"><li>password2<ul class="errorlist" id="id_password2_error"><li>Введённый пароль слишком похож на адрес электронной почты.</li></ul></li></ul>
INFO 2025-12-29 19:31:43,458 views User nurislamfigma@gmail.com logged in.
DEBUG 2025-12-29 19:31:58,957 views Rooms displayed on room list: [<Room: Номер 100 (standard)>, <Room: Номер 200 (improved)>, <Room: Номер 300 (lux)>, <Room: Номер 400 (presidential)>]
DEBUG 2025-12-29 19:32:01,131 views Rooms displayed on room list: [<Room: Номер 100 (standard)>, <Room: Номер 200 (improved)>, <Room: Номер 300 (lux)>, <Room: Номер 400 (presidential)>]
DEBUG 2025-12-29 19:32:11,365 views Rooms displayed on room list: [<Room: Номер 100 (standard)>, <Room: Номер 200 (improved)>, <Room: Номер 300 (lux)>, <Room: Номер 400 (presidential)>]
